<?xml version="1.0" encoding="UTF-8"?>
<!-- Generated by org.testng.reporters.JUnitXMLReporter -->
<testsuite ignored="1" hostname="jeeveslaptop" failures="0" tests="1" name="ManageproductTypes" time="42.831" errors="0" timestamp="2022-11-21T23:24:43 IST">
  <testcase classname="AvactisTestCases.ManageProductsTest" name="AddProduct" time="38.963"/>
  <testcase classname="AvactisTestCases.ManageProductsTest" name="MoveProduct" time="0.0">
    <ignored/>
  </testcase> <!-- MoveProduct -->
</testsuite> <!-- ManageproductTypes -->
