<?xml version="1.0" encoding="UTF-8"?>
<!-- Generated by org.testng.reporters.JUnitXMLReporter -->
<testsuite ignored="1" hostname="jeeveslaptop" failures="0" tests="1" name="ManageproductTypes" time="43.084" errors="0" timestamp="2022-11-22T12:47:21 IST">
  <testcase classname="AvactisTestCases.ManageProductsTest" name="AddProduct" time="39.473"/>
  <testcase classname="AvactisTestCases.ManageProductsTest" name="MoveProduct" time="0.0">
    <ignored/>
  </testcase> <!-- MoveProduct -->
</testsuite> <!-- ManageproductTypes -->
