<?xml version="1.0" encoding="UTF-8"?>
<!-- Generated by org.testng.reporters.JUnitXMLReporter -->
<testsuite ignored="0" hostname="jeeveslaptop" failures="0" tests="2" name="ManageproductTypes" time="1.64" errors="0" timestamp="2022-11-20T21:46:37 IST">
  <testcase classname="AvactisTestCases.ManageProductsTest" name="@BeforeTest loadBrowser" time="1.571">
    <failure type="java.lang.NullPointerException" message="Cannot invoke &amp;quot;org.openqa.selenium.WebDriver.get(String)&amp;quot; because &amp;quot;this.driver&amp;quot; is null">
      <![CDATA[java.lang.NullPointerException: Cannot invoke "org.openqa.selenium.WebDriver.get(String)" because "this.driver" is null
at AvactisTestCases.ManageProductsTest.loadBrowser(ManageProductsTest.java:25)
... Removed 24 stack frames]]>
    </failure>
  </testcase> <!-- @BeforeTest loadBrowser -->
  <testcase classname="AvactisTestCases.ManageProductsTest" name="@AfterTest tearDown" time="-1.668960996976E9">
    <skipped/>
  </testcase> <!-- @AfterTest tearDown -->
  <testcase classname="AvactisTestCases.ManageProductsTest" name="AddProduct" time="0.0">
    <skipped/>
  </testcase> <!-- AddProduct -->
  <testcase classname="AvactisTestCases.ManageProductsTest" name="MoveProduct" time="0.0">
    <skipped/>
  </testcase> <!-- MoveProduct -->
</testsuite> <!-- ManageproductTypes -->
