<?xml version="1.0" encoding="UTF-8"?>
<!-- Generated by org.testng.reporters.JUnitXMLReporter -->
<testsuite ignored="0" hostname="jeeveslaptop" failures="1" tests="1" name="orderTest" time="0.008" errors="0" timestamp="2022-11-21T22:10:25 IST">
  <testcase classname="AvactisTestCases.OrdersTest" name="UpdateOrderStatus" time="0.004">
    <failure type="java.lang.NullPointerException" message="Cannot invoke &amp;quot;java.util.Properties.getProperty(String)&amp;quot; because &amp;quot;this.prop&amp;quot; is null">
      <![CDATA[java.lang.NullPointerException: Cannot invoke "java.util.Properties.getProperty(String)" because "this.prop" is null
at AvactisTestCases.OrdersTest.UpdateOrderStatus(OrdersTest.java:35)
at java.base/java.util.ArrayList.forEach(ArrayList.java:1511)
... Removed 27 stack frames]]>
    </failure>
  </testcase> <!-- UpdateOrderStatus -->
</testsuite> <!-- orderTest -->
